<html>
<head>
<title>TestNG:  Surefire test</title>
<link href="../testng.css" rel="stylesheet" type="text/css" />
<link href="../my-testng.css" rel="stylesheet" type="text/css" />

<style type="text/css">
.log { display: none;} 
.stack-trace { display: none;} 
</style>
<script type="text/javascript">
<!--
function flip(e) {
  current = e.style.display;
  if (current == 'block') {
    e.style.display = 'none';
    return 0;
  }
  else {
    e.style.display = 'block';
    return 1;
  }
}

function toggleBox(szDivId, elem, msg1, msg2)
{
  var res = -1;  if (document.getElementById) {
    res = flip(document.getElementById(szDivId));
  }
  else if (document.all) {
    // this is the way old msie versions work
    res = flip(document.all[szDivId]);
  }
  if(elem) {
    if(res == 0) elem.innerHTML = msg1; else elem.innerHTML = msg2;
  }

}

function toggleAllBoxes() {
  if (document.getElementsByTagName) {
    d = document.getElementsByTagName('div');
    for (i = 0; i < d.length; i++) {
      if (d[i].className == 'log') {
        flip(d[i]);
      }
    }
  }
}

// -->
</script>

</head>
<body>
<h2 align='center'>Surefire test</h2><table border='1' align="center">
<tr>
<td>Tests passed/Failed/Skipped:</td><td>16/3/0</td>
</tr><tr>
<td>Started on:</td><td>Sun Nov 13 01:29:48 EET 2022</td>
</tr>
<tr><td>Total time:</td><td>233 seconds (233164 ms)</td>
</tr><tr>
<td>Included groups:</td><td></td>
</tr><tr>
<td>Excluded groups:</td><td></td>
</tr>
</table><p/>
<small><i>(Hover the method name to see the test class name)</i></small><p/>
<table width='100%' border='1' class='invocation-failed'>
<tr><td colspan='4' align='center'><b>FAILED TESTS</b></td></tr>
<tr><td><b>Test method</b></td>
<td><b>Attribute(s)</b></td>
<td width="30%"><b>Exception</b></td>
<td width="10%"><b>Time (seconds)</b></td>
<td><b>Instance</b></td>
</tr>
<tr>
<td title='org.example.TestRunner.Runners.runScenario()'><b>runScenario</b><br>Test class: org.example.TestRunner.Runners<br>Test method: Runs Cucumber Scenarios<br>Parameters: "user could click on 1st slider on home", "F06_HomeSliders | user could click on slider on home"</td>
<td><div><pre>java.lang.AssertionError: Assertion 1st slider fail expected [https://demo.nopcommerce.com/nokia-lumia-1020] but found [https://demo.nopcommerce.com/]
	at org.example.StepDefs.D06_homeSlidersStepDef.userDirectToNokiaLumiaPage(D06_homeSlidersStepDef.java:26)
	at ✽.user direct to Nokia Lumia page(file:///C:/Users/noura.zakarya/nopcommerce_project/src/main/resources/Ecommerce_Features/F06_HomeSliders.feature:7)
... Removed 5 stack frames</pre></div><a href='#' onClick='toggleBox("stack-trace1562019228", this, "Click to show all stack frames", "Click to hide stack frames")'>Click to show all stack frames</a>
<div class='stack-trace' id='stack-trace1562019228'><pre>java.lang.AssertionError: Assertion 1st slider fail expected [https://demo.nopcommerce.com/nokia-lumia-1020] but found [https://demo.nopcommerce.com/]
	at org.testng.Assert.fail(Assert.java:110)
	at org.testng.Assert.failNotEquals(Assert.java:1413)
	at org.testng.Assert.assertEqualsImpl(Assert.java:149)
	at org.testng.Assert.assertEquals(Assert.java:131)
	at org.testng.Assert.assertEquals(Assert.java:655)
	at org.example.StepDefs.D06_homeSlidersStepDef.userDirectToNokiaLumiaPage(D06_homeSlidersStepDef.java:26)
	at ✽.user direct to Nokia Lumia page(file:///C:/Users/noura.zakarya/nopcommerce_project/src/main/resources/Ecommerce_Features/F06_HomeSliders.feature:7)
</pre></div></td>
<td>6</td>
<td>org.example.TestRunner.Runners@2928854b</td></tr>
<tr>
<td title='org.example.TestRunner.Runners.runScenario()'><b>runScenario</b><br>Test class: org.example.TestRunner.Runners<br>Test method: Runs Cucumber Scenarios<br>Parameters: "user could click on 2nd slider on home", "F06_HomeSliders | user could click on slider on home"</td>
<td><div><pre>java.lang.AssertionError: Assertion 2nd slider fail expected [https://demo.nopcommerce.com/iphone-6] but found [https://demo.nopcommerce.com/]
	at org.example.StepDefs.D06_homeSlidersStepDef.userDirectToIPhone(D06_homeSlidersStepDef.java:41)
	at ✽.user direct to iPhone(file:///C:/Users/noura.zakarya/nopcommerce_project/src/main/resources/Ecommerce_Features/F06_HomeSliders.feature:12)
... Removed 5 stack frames</pre></div><a href='#' onClick='toggleBox("stack-trace2016200186", this, "Click to show all stack frames", "Click to hide stack frames")'>Click to show all stack frames</a>
<div class='stack-trace' id='stack-trace2016200186'><pre>java.lang.AssertionError: Assertion 2nd slider fail expected [https://demo.nopcommerce.com/iphone-6] but found [https://demo.nopcommerce.com/]
	at org.testng.Assert.fail(Assert.java:110)
	at org.testng.Assert.failNotEquals(Assert.java:1413)
	at org.testng.Assert.assertEqualsImpl(Assert.java:149)
	at org.testng.Assert.assertEquals(Assert.java:131)
	at org.testng.Assert.assertEquals(Assert.java:655)
	at org.example.StepDefs.D06_homeSlidersStepDef.userDirectToIPhone(D06_homeSlidersStepDef.java:41)
	at ✽.user direct to iPhone(file:///C:/Users/noura.zakarya/nopcommerce_project/src/main/resources/Ecommerce_Features/F06_HomeSliders.feature:12)
</pre></div></td>
<td>37</td>
<td>org.example.TestRunner.Runners@2928854b</td></tr>
<tr>
<td title='org.example.TestRunner.Runners.runScenario()'><b>runScenario</b><br>Test class: org.example.TestRunner.Runners<br>Test method: Runs Cucumber Scenarios<br>Parameters: "user opens rss link", "F07_FollowsUs | you could access follow_up pages"</td>
<td><div><pre>java.lang.AssertionError: Assertion rss fail expected [https://demo.nopcommerce.com/new-online-store-is-open] but found [https://demo.nopcommerce.com/news/rss/1]
	at org.example.StepDefs.D07_followUsStepDef.rssLinkOpensSuccessfully(D07_followUsStepDef.java:63)
	at ✽.rss link &quot;https://demo.nopcommerce.com/new-online-store-is-open&quot;opens successfully(file:///C:/Users/noura.zakarya/nopcommerce_project/src/main/resources/Ecommerce_Features/F07_FollowsUs.feature:14)
... Removed 5 stack frames</pre></div><a href='#' onClick='toggleBox("stack-trace1300389310", this, "Click to show all stack frames", "Click to hide stack frames")'>Click to show all stack frames</a>
<div class='stack-trace' id='stack-trace1300389310'><pre>java.lang.AssertionError: Assertion rss fail expected [https://demo.nopcommerce.com/new-online-store-is-open] but found [https://demo.nopcommerce.com/news/rss/1]
	at org.testng.Assert.fail(Assert.java:110)
	at org.testng.Assert.failNotEquals(Assert.java:1413)
	at org.testng.Assert.assertEqualsImpl(Assert.java:149)
	at org.testng.Assert.assertEquals(Assert.java:131)
	at org.testng.Assert.assertEquals(Assert.java:655)
	at org.example.StepDefs.D07_followUsStepDef.rssLinkOpensSuccessfully(D07_followUsStepDef.java:63)
	at ✽.rss link &quot;https://demo.nopcommerce.com/new-online-store-is-open&quot;opens successfully(file:///C:/Users/noura.zakarya/nopcommerce_project/src/main/resources/Ecommerce_Features/F07_FollowsUs.feature:14)
</pre></div></td>
<td>16</td>
<td>org.example.TestRunner.Runners@2928854b</td></tr>
</table><p>
<table width='100%' border='1' class='invocation-passed'>
<tr><td colspan='4' align='center'><b>PASSED TESTS</b></td></tr>
<tr><td><b>Test method</b></td>
<td><b>Attribute(s)</b></td>
<td width="30%"><b>Exception</b></td>
<td width="10%"><b>Time (seconds)</b></td>
<td><b>Instance</b></td>
</tr>
<tr>
<td title='org.example.TestRunner.Runners.runScenario()'><b>runScenario</b><br>Test class: org.example.TestRunner.Runners<br>Test method: Runs Cucumber Scenarios<br>Parameters: "user opens Youtube link", "F07_FollowsUs | you could access follow_up pages"</td>
<td></td>
<td>11</td>
<td>org.example.TestRunner.Runners@2928854b</td></tr>
<tr>
<td title='org.example.TestRunner.Runners.runScenario()'><b>runScenario</b><br>Test class: org.example.TestRunner.Runners<br>Test method: Runs Cucumber Scenarios<br>Parameters: "user opens Facebook link", "F07_FollowsUs | you could access follow_up pages"</td>
<td></td>
<td>18</td>
<td>org.example.TestRunner.Runners@2928854b</td></tr>
<tr>
<td title='org.example.TestRunner.Runners.runScenario()'><b>runScenario</b><br>Test class: org.example.TestRunner.Runners<br>Test method: Runs Cucumber Scenarios<br>Parameters: "Get Qty after add product in wishlist", "F08_Wishlist | user could add product to wishlist"</td>
<td></td>
<td>11</td>
<td>org.example.TestRunner.Runners@2928854b</td></tr>
<tr>
<td title='org.example.TestRunner.Runners.runScenario()'><b>runScenario</b><br>Test class: org.example.TestRunner.Runners<br>Test method: Runs Cucumber Scenarios<br>Parameters: "product added to wishlist successfully", "F08_Wishlist | user could add product to wishlist"</td>
<td></td>
<td>7</td>
<td>org.example.TestRunner.Runners@2928854b</td></tr>
<tr>
<td title='org.example.TestRunner.Runners.runScenario()'><b>runScenario</b><br>Test class: org.example.TestRunner.Runners<br>Test method: Runs Cucumber Scenarios<br>Parameters: "when user select Euro Symbol ("€") shown on the 4 products", "F03_Currency | user can show item price according to selected currency"</td>
<td></td>
<td>7</td>
<td>org.example.TestRunner.Runners@2928854b</td></tr>
<tr>
<td title='org.example.TestRunner.Runners.runScenario()'><b>runScenario</b><br>Test class: org.example.TestRunner.Runners<br>Test method: Runs Cucumber Scenarios<br>Parameters: "user opens twitter link", "F07_FollowsUs | you could access follow_up pages"</td>
<td></td>
<td>7</td>
<td>org.example.TestRunner.Runners@2928854b</td></tr>
<tr>
<td title='org.example.TestRunner.Runners.runScenario()'><b>runScenario</b><br>Test class: org.example.TestRunner.Runners<br>Test method: Runs Cucumber Scenarios<br>Parameters: "user could search using product name", "F04_Search | user could search in website"</td>
<td></td>
<td>8</td>
<td>org.example.TestRunner.Runners@2928854b</td></tr>
<tr>
<td title='org.example.TestRunner.Runners.runScenario()'><b>runScenario</b><br>Test class: org.example.TestRunner.Runners<br>Test method: Runs Cucumber Scenarios<br>Parameters: ": user Could search by sku", "F04_Search | user could search in website"</td>
<td></td>
<td>9</td>
<td>org.example.TestRunner.Runners@2928854b</td></tr>
<tr>
<td title='org.example.TestRunner.Runners.runScenario()'><b>runScenario</b><br>Test class: org.example.TestRunner.Runners<br>Test method: Runs Cucumber Scenarios<br>Parameters: "user could search using product name", "F04_Search | user could search in website"</td>
<td></td>
<td>6</td>
<td>org.example.TestRunner.Runners@2928854b</td></tr>
<tr>
<td title='org.example.TestRunner.Runners.runScenario()'><b>runScenario</b><br>Test class: org.example.TestRunner.Runners<br>Test method: Runs Cucumber Scenarios<br>Parameters: "user can register in website", "F01_Register | user can register with new accounts"</td>
<td></td>
<td>13</td>
<td>org.example.TestRunner.Runners@2928854b</td></tr>
<tr>
<td title='org.example.TestRunner.Runners.runScenario()'><b>runScenario</b><br>Test class: org.example.TestRunner.Runners<br>Test method: Runs Cucumber Scenarios<br>Parameters: ": user Could search by sku", "F04_Search | user could search in website"</td>
<td></td>
<td>10</td>
<td>org.example.TestRunner.Runners@2928854b</td></tr>
<tr>
<td title='org.example.TestRunner.Runners.runScenario()'><b>runScenario</b><br>Test class: org.example.TestRunner.Runners<br>Test method: Runs Cucumber Scenarios<br>Parameters: "user could login with vaild email and password", "F02_Login | user can login to website"</td>
<td></td>
<td>13</td>
<td>org.example.TestRunner.Runners@2928854b</td></tr>
<tr>
<td title='org.example.TestRunner.Runners.runScenario()'><b>runScenario</b><br>Test class: org.example.TestRunner.Runners<br>Test method: Runs Cucumber Scenarios<br>Parameters: "user could hover categories", "F05_HoverCategories | user could hover categories"</td>
<td></td>
<td>19</td>
<td>org.example.TestRunner.Runners@2928854b</td></tr>
<tr>
<td title='org.example.TestRunner.Runners.runScenario()'><b>runScenario</b><br>Test class: org.example.TestRunner.Runners<br>Test method: Runs Cucumber Scenarios<br>Parameters: "user could login with invaild email and password", "F02_Login | user can login to website"</td>
<td></td>
<td>7</td>
<td>org.example.TestRunner.Runners@2928854b</td></tr>
<tr>
<td title='org.example.TestRunner.Runners.runScenario()'><b>runScenario</b><br>Test class: org.example.TestRunner.Runners<br>Test method: Runs Cucumber Scenarios<br>Parameters: ": user Could search by sku", "F04_Search | user could search in website"</td>
<td></td>
<td>10</td>
<td>org.example.TestRunner.Runners@2928854b</td></tr>
<tr>
<td title='org.example.TestRunner.Runners.runScenario()'><b>runScenario</b><br>Test class: org.example.TestRunner.Runners<br>Test method: Runs Cucumber Scenarios<br>Parameters: "user could search using product name", "F04_Search | user could search in website"</td>
<td></td>
<td>8</td>
<td>org.example.TestRunner.Runners@2928854b</td></tr>
</table><p>
</body>
</html>